<?xml version="1.0" encoding="UTF-8"?>
<!-- Generated by org.testng.reporters.JUnitXMLReporter -->
<testsuite ignored="0" hostname="IN-PG0352BP" failures="1" tests="1" name="AmazonCartTestIE" time="291.765" errors="0" timestamp="03 Apr 2024 06:57:11 GMT">
  <testcase classname="tests2.AmazonCartTest" name="searchAndAddToCart" time="191.732">
    <failure type="org.openqa.selenium.TimeoutException" message="java.util.concurrent.TimeoutException
Build info: version: &amp;apos;4.18.1&amp;apos;, revision: &amp;apos;b1d3319b48&amp;apos;
System info: os.name: &amp;apos;Windows 11&amp;apos;, os.arch: &amp;apos;amd64&amp;apos;, os.version: &amp;apos;10.0&amp;apos;, java.version: &amp;apos;17.0.2&amp;apos;
Driver info: org.openqa.selenium.ie.InternetExplorerDriver
Command: [33f69e65-d421-4e50-b177-b4876facd950, sendKeysToElement {value=[Ljava.lang.CharSequence;@3b4a1a75, id=ccdc97ad-f3be-4a1e-886b-31fffbcf7413}]
Capabilities {acceptInsecureCerts: false, browserName: internet explorer, browserVersion: 11, pageLoadStrategy: normal, platformName: windows, proxy: Proxy(), se:ieOptions: {browserAttachTimeout: 0, elementScrollBehavior: 0, enablePersistentHover: true, ie.browserCommandLineSwitches: , ie.edgechromium: false, ie.edgepath: , ie.ensureCleanSession: false, ie.fileUploadDialogTimeout: 3000, ie.forceCreateProcessApi: false, ie.ignoreprocessmatch: false, ignoreProtectedModeSettings: false, ignoreZoomSetting: true, initialBrowserUrl: http://localhost:31933/, nativeEvents: true, requireWindowFocus: false}, setWindowRect: true, strictFileInteractability: false, timeouts: {implicit: 0, pageLoad: 300000, script: 30000}, unhandledPromptBehavior: dismiss and notify}
Element: [[InternetExplorerDriver: internet explorer on windows (33f69e65-d421-4e50-b177-b4876facd950)] -&amp;gt; xpath: //input[@class=&amp;apos;nav-input nav-progressive-attribute&amp;apos;]]
Session ID: 33f69e65-d421-4e50-b177-b4876facd950">
      <![CDATA[org.openqa.selenium.TimeoutException: java.util.concurrent.TimeoutExceptionBuild info: version: '4.18.1', revision: 'b1d3319b48'System info: os.name: 'Windows 11', os.arch: 'amd64', os.version: '10.0', java.version: '17.0.2'Driver info: org.openqa.selenium.ie.InternetExplorerDriverCommand: [33f69e65-d421-4e50-b177-b4876facd950, sendKeysToElement {value=[Ljava.lang.CharSequence;@3b4a1a75, id=ccdc97ad-f3be-4a1e-886b-31fffbcf7413}]Capabilities {acceptInsecureCerts: false, browserName: internet explorer, browserVersion: 11, pageLoadStrategy: normal, platformName: windows, proxy: Proxy(), se:ieOptions: {browserAttachTimeout: 0, elementScrollBehavior: 0, enablePersistentHover: true, ie.browserCommandLineSwitches: , ie.edgechromium: false, ie.edgepath: , ie.ensureCleanSession: false, ie.fileUploadDialogTimeout: 3000, ie.forceCreateProcessApi: false, ie.ignoreprocessmatch: false, ignoreProtectedModeSettings: false, ignoreZoomSetting: true, initialBrowserUrl: http://localhost:31933/, nativeEvents: true, requireWindowFocus: false}, setWindowRect: true, strictFileInteractability: false, timeouts: {implicit: 0, pageLoad: 300000, script: 30000}, unhandledPromptBehavior: dismiss and notify}Element: [[InternetExplorerDriver: internet explorer on windows (33f69e65-d421-4e50-b177-b4876facd950)] -> xpath: //input[@class='nav-input nav-progressive-attribute']]Session ID: 33f69e65-d421-4e50-b177-b4876facd950at org.openqa.selenium.remote.http.jdk.JdkHttpClient.execute0(JdkHttpClient.java:403)at org.openqa.selenium.remote.http.AddSeleniumUserAgent.lambda$apply$0(AddSeleniumUserAgent.java:42)at org.openqa.selenium.remote.http.Filter.lambda$andFinally$1(Filter.java:55)at org.openqa.selenium.remote.http.jdk.JdkHttpClient.execute(JdkHttpClient.java:359)at org.openqa.selenium.remote.HttpCommandExecutor.execute(HttpCommandExecutor.java:187)at org.openqa.selenium.remote.service.DriverCommandExecutor.invokeExecute(DriverCommandExecutor.java:216)at org.openqa.selenium.remote.service.DriverCommandExecutor.execute(DriverCommandExecutor.java:174)at org.openqa.selenium.remote.RemoteWebDriver.execute(RemoteWebDriver.java:519)at org.openqa.selenium.remote.RemoteWebElement.execute(RemoteWebElement.java:223)at org.openqa.selenium.remote.RemoteWebElement.sendKeys(RemoteWebElement.java:110)at org.openqa.selenium.support.pagefactory.internal.LocatingElementHandler.invoke(LocatingElementHandler.java:51)at jdk.proxy2/jdk.proxy2.$Proxy33.sendKeys(Unknown Source)at pages.AmazonHomePage.searchFor(AmazonHomePage.java:23)at tests2.AmazonCartTest.searchAndAddToCart(AmazonCartTest.java:66)Caused by: java.util.concurrent.TimeoutExceptionat java.base/java.util.concurrent.CompletableFuture.timedGet(CompletableFuture.java:1960)at java.base/java.util.concurrent.CompletableFuture.get(CompletableFuture.java:2095)at org.openqa.selenium.remote.http.jdk.JdkHttpClient.execute0(JdkHttpClient.java:386)... 42 more... Removed 29 stack frames]]>
    </failure>
  </testcase> <!-- searchAndAddToCart -->
</testsuite> <!-- AmazonCartTestIE -->
