<?xml version="1.0" encoding="UTF-8"?>
<!-- Generated by org.testng.reporters.JUnitXMLReporter -->
<testsuite ignored="0" hostname="IN-PG0352BP" failures="1" tests="1" name="AmazonSignInTest" time="8.882" errors="0" timestamp="03 Apr 2024 06:57:20 GMT">
  <testcase classname="tests2.AmazonSignInTest" name="signInTest" time="7.256">
    <failure type="java.lang.AssertionError" message="Deliberate failure to capture screenshot">
      <![CDATA[java.lang.AssertionError: Deliberate failure to capture screenshotat tests2.AmazonSignInTest.signInTest(AmazonSignInTest.java:43)... Removed 26 stack frames]]>
    </failure>
  </testcase> <!-- signInTest -->
</testsuite> <!-- AmazonSignInTest -->
