<?xml version="1.0" encoding="UTF-8"?>
<!-- Generated by org.testng.reporters.JUnitXMLReporter -->
<testsuite ignored="0" hostname="IN-PG0352BP" failures="1" tests="1" name="AmazonCartTestFirefox" time="33.997" errors="0" timestamp="03 Apr 2024 06:52:19 GMT">
  <testcase classname="tests2.AmazonCartTest" name="searchAndAddToCart" time="23.791">
    <failure type="org.openqa.selenium.TimeoutException" message="Expected condition failed: waiting for element to be clickable: Proxy element for: DefaultElementLocator &amp;apos;By.id: ap_email&amp;apos; (tried for 10 second(s) with 500 milliseconds interval)">
      <![CDATA[org.openqa.selenium.TimeoutException: Expected condition failed: waiting for element to be clickable: Proxy element for: DefaultElementLocator 'By.id: ap_email' (tried for 10 second(s) with 500 milliseconds interval)at org.openqa.selenium.support.ui.WebDriverWait.timeoutException(WebDriverWait.java:84)at org.openqa.selenium.support.ui.FluentWait.until(FluentWait.java:228)at pages.AmazonSignInPage.enterEmailAndContinue(AmazonSignInPage.java:57)at tests2.AmazonCartTest.SignInOperation(AmazonCartTest.java:119)at tests2.AmazonCartTest.searchAndAddToCart(AmazonCartTest.java:82)Caused by: org.openqa.selenium.NoSuchElementException: Unable to locate element: #ap_emailFor documentation on this error, please visit: https://www.selenium.dev/documentation/webdriver/troubleshooting/errors#no-such-element-exceptionBuild info: version: '4.18.1', revision: 'b1d3319b48'System info: os.name: 'Windows 11', os.arch: 'amd64', os.version: '10.0', java.version: '17.0.2'Driver info: org.openqa.selenium.firefox.FirefoxDriverCommand: [81c69ac3-6a7f-4983-836c-01a70f37d1e8, findElement {using=id, value=ap_email}]Capabilities {acceptInsecureCerts: true, browserName: firefox, browserVersion: 124.0.2, moz:accessibilityChecks: false, moz:buildID: 20240401114208, moz:debuggerAddress: 127.0.0.1:21606, moz:geckodriverVersion: 0.34.0, moz:headless: false, moz:platformVersion: 10.0, moz:processID: 7356, moz:profile: C:\Users\RICHAT~1\AppData\L..., moz:shutdownTimeout: 60000, moz:webdriverClick: true, moz:windowless: false, pageLoadStrategy: normal, platformName: windows, proxy: Proxy(), se:cdp: ws://127.0.0.1:21606/devtoo..., se:cdpVersion: 85.0, setWindowRect: true, strictFileInteractability: false, timeouts: {implicit: 0, pageLoad: 300000, script: 30000}, unhandledPromptBehavior: dismiss and notify}Session ID: 81c69ac3-6a7f-4983-836c-01a70f37d1e8at org.openqa.selenium.remote.ErrorCodec.decode(ErrorCodec.java:167)at org.openqa.selenium.remote.codec.w3c.W3CHttpResponseCodec.decode(W3CHttpResponseCodec.java:138)at org.openqa.selenium.remote.codec.w3c.W3CHttpResponseCodec.decode(W3CHttpResponseCodec.java:50)at org.openqa.selenium.remote.HttpCommandExecutor.execute(HttpCommandExecutor.java:190)at org.openqa.selenium.remote.service.DriverCommandExecutor.invokeExecute(DriverCommandExecutor.java:216)at org.openqa.selenium.remote.service.DriverCommandExecutor.execute(DriverCommandExecutor.java:174)at org.openqa.selenium.remote.RemoteWebDriver.execute(RemoteWebDriver.java:519)at org.openqa.selenium.remote.ElementLocation$ElementFinder$2.findElement(ElementLocation.java:165)at org.openqa.selenium.remote.ElementLocation.findElement(ElementLocation.java:59)at org.openqa.selenium.remote.RemoteWebDriver.findElement(RemoteWebDriver.java:356)at org.openqa.selenium.remote.RemoteWebDriver.findElement(RemoteWebDriver.java:350)at org.openqa.selenium.support.pagefactory.DefaultElementLocator.findElement(DefaultElementLocator.java:68)at org.openqa.selenium.support.pagefactory.internal.LocatingElementHandler.invoke(LocatingElementHandler.java:38)at jdk.proxy2/jdk.proxy2.$Proxy33.isDisplayed(Unknown Source)at org.openqa.selenium.support.ui.ExpectedConditions.elementIfVisible(ExpectedConditions.java:304)at org.openqa.selenium.support.ui.ExpectedConditions$10.apply(ExpectedConditions.java:290)at org.openqa.selenium.support.ui.ExpectedConditions$10.apply(ExpectedConditions.java:287)at org.openqa.selenium.support.ui.ExpectedConditions$23.apply(ExpectedConditions.java:656)at org.openqa.selenium.support.ui.ExpectedConditions$23.apply(ExpectedConditions.java:652)at org.openqa.selenium.support.ui.FluentWait.until(FluentWait.java:203)... 28 more... Removed 29 stack frames]]>
    </failure>
  </testcase> <!-- searchAndAddToCart -->
</testsuite> <!-- AmazonCartTestFirefox -->
